<?xml version="1.0" encoding="UTF-8"?>
<!-- Generated by org.testng.reporters.JUnitReportReporter -->
<testsuite hostname="DESKTOP-QDS3F95" name="demo.Internationalization" tests="1" failures="0" timestamp="28 Dec 2016 18:21:51 GMT" time="1.704" errors="0">
  <testcase name="credentialsTest" time="1.704" classname="demo.Internationalization"/>
</testsuite> <!-- demo.Internationalization -->
