<?xml version="1.0" encoding="UTF-8"?>
<!-- Generated by org.testng.reporters.JUnitReportReporter -->
<testsuite hostname="DESKTOP-QDS3F95" name="demo.MultipeTestAnnotations" tests="2" failures="0" timestamp="28 Dec 2016 08:56:42 GMT" time="0.273" errors="0">
  <testcase name="verifyText" time="0.206" classname="demo.MultipeTestAnnotations"/>
  <testcase name="verifyTitle" time="0.067" classname="demo.MultipeTestAnnotations"/>
</testsuite> <!-- demo.MultipeTestAnnotations -->
