<?xml version="1.0" encoding="UTF-8"?>
<!-- Generated by org.testng.reporters.JUnitReportReporter -->
<testsuite hostname="DESKTOP-QDS3F95" name="demo.Annotations" tests="2" failures="0" timestamp="27 Dec 2016 17:26:18 GMT" time="0.011" errors="0">
  <testcase name="test2" time="0.002" classname="demo.Annotations"/>
  <testcase name="test" time="0.009" classname="demo.Annotations"/>
</testsuite> <!-- demo.Annotations -->
