<?xml version="1.0" encoding="UTF-8"?>
<!-- Generated by org.testng.reporters.JUnitReportReporter -->
<testsuite hostname="DESKTOP-QDS3F95" name="demo.VerifyTitle" tests="1" failures="0" timestamp="26 Dec 2016 12:03:01 GMT" time="0.046" errors="0">
  <testcase name="titleVerification" time="0.046" classname="demo.VerifyTitle"/>
</testsuite> <!-- demo.VerifyTitle -->
